C51 COMPILER V9.60.7.0   MAIN                                                              07/08/2025 18:45:10 PAGE 1   


C51 COMPILER V9.60.7.0, COMPILATION OF MODULE MAIN
OBJECT MODULE PLACED IN .\Objects\main.obj
COMPILER INVOKED BY: C:\Keil_v5\C51\BIN\C51.EXE main.c OPTIMIZE(8,SPEED) BROWSE DEBUG OBJECTEXTEND PRINT(.\Listings\main
                    -.lst) TABS(2) OBJECT(.\Objects\main.obj)

line level    source

   1          #include <REGX51.H>
   2          
   3          void delay_ms(unsigned int ms) {
   4   1          unsigned int i, j;
   5   1          for (i = 0; i < ms; i++)
   6   1              for (j = 0; j < 1275; j++);  // Approximate 1ms delay
   7   1      }
   8          
   9          // 7-segment codes for digits 0–9 (Common Cathode)
  10          // Format: g-f-e-d-c-b-a (P2.6 to P2.0)
  11          unsigned char seg_codes[10] = {
  12              0x3F,  // 0 ? 0011 1111
  13              0x06,  // 1 ? 0000 0110
  14              0x5B,  // 2 ? 0101 1011
  15              0x4F,  // 3 ? 0100 1111
  16              0x66,  // 4 ? 0110 0110
  17              0x6D,  // 5 ? 0110 1101
  18              0x7D,  // 6 ? 0111 1101
  19              0x07,  // 7 ? 0000 0111
  20              0x7F,  // 8 ? 0111 1111
  21              0x6F   // 9 ? 0110 1111
  22          };
  23          
  24          void main() {
  25   1          unsigned char i;
  26   1      
  27   1          while (1) {
  28   2              for (i = 0; i < 10; i++) {
  29   3                  P2 = seg_codes[i];  // Output to P2.0–P2.6
  30   3                  delay_ms(50);     // 1 second delay
  31   3              }
  32   2          }
  33   1      }


MODULE INFORMATION:   STATIC OVERLAYABLE
   CODE SIZE        =     54    ----
   CONSTANT SIZE    =   ----    ----
   XDATA SIZE       =   ----    ----
   PDATA SIZE       =   ----    ----
   DATA SIZE        =     10    ----
   IDATA SIZE       =   ----    ----
   BIT SIZE         =   ----    ----
END OF MODULE INFORMATION.


C51 COMPILATION COMPLETE.  0 WARNING(S),  0 ERROR(S)
